TN:
SF:src/FunkoPopApp/funkoPop.ts
FN:8,<instance_members_initializer>
FN:33,FunkoPop
FN:59,get ID
FN:66,set ID
FN:73,get Name
FN:80,set Name
FN:87,get Description
FN:94,set Description
FN:101,get Type
FN:108,set Type
FN:115,get Genre
FN:122,set Genre
FN:129,get Franchise
FN:136,set Franchise
FN:143,get Num
FN:150,set Num
FN:157,get Exclusive
FN:164,set Exclusive
FN:171,get SpecialFeatures
FN:178,set SpecialFeatures
FN:185,get MarketValue
FN:192,set MarketValue
FNF:22
FNH:22
FNDA:82,<instance_members_initializer>
FNDA:82,FunkoPop
FNDA:41,get ID
FNDA:1,set ID
FNDA:9,get Name
FNDA:1,set Name
FNDA:9,get Description
FNDA:1,set Description
FNDA:9,get Type
FNDA:1,set Type
FNDA:9,get Genre
FNDA:1,set Genre
FNDA:9,get Franchise
FNDA:1,set Franchise
FNDA:9,get Num
FNDA:1,set Num
FNDA:9,get Exclusive
FNDA:1,set Exclusive
FNDA:9,get SpecialFeatures
FNDA:1,set SpecialFeatures
FNDA:9,get MarketValue
FNDA:1,set MarketValue
DA:1,1
DA:2,1
DA:3,1
DA:4,1
DA:5,1
DA:6,1
DA:7,1
DA:8,1
DA:9,82
DA:10,82
DA:11,82
DA:12,82
DA:13,82
DA:14,82
DA:15,82
DA:16,82
DA:17,82
DA:18,82
DA:19,82
DA:20,82
DA:21,82
DA:22,82
DA:23,82
DA:24,82
DA:25,82
DA:26,82
DA:27,82
DA:28,82
DA:29,82
DA:30,82
DA:31,82
DA:32,82
DA:33,82
DA:34,82
DA:35,82
DA:36,82
DA:37,82
DA:38,82
DA:39,82
DA:40,82
DA:41,82
DA:42,82
DA:43,82
DA:44,82
DA:45,82
DA:46,82
DA:47,82
DA:48,82
DA:49,82
DA:50,82
DA:51,82
DA:52,82
DA:53,82
DA:54,82
DA:55,82
DA:56,82
DA:57,82
DA:58,82
DA:59,82
DA:60,41
DA:61,41
DA:62,82
DA:63,82
DA:64,82
DA:65,82
DA:66,82
DA:67,1
DA:68,1
DA:69,82
DA:70,82
DA:71,82
DA:72,82
DA:73,82
DA:74,9
DA:75,9
DA:76,82
DA:77,82
DA:78,82
DA:79,82
DA:80,82
DA:81,1
DA:82,1
DA:83,82
DA:84,82
DA:85,82
DA:86,82
DA:87,82
DA:88,9
DA:89,9
DA:90,82
DA:91,82
DA:92,82
DA:93,82
DA:94,82
DA:95,1
DA:96,1
DA:97,82
DA:98,82
DA:99,82
DA:100,82
DA:101,82
DA:102,9
DA:103,9
DA:104,82
DA:105,82
DA:106,82
DA:107,82
DA:108,82
DA:109,1
DA:110,1
DA:111,82
DA:112,82
DA:113,82
DA:114,82
DA:115,82
DA:116,9
DA:117,9
DA:118,82
DA:119,82
DA:120,82
DA:121,82
DA:122,82
DA:123,1
DA:124,1
DA:125,82
DA:126,82
DA:127,82
DA:128,82
DA:129,82
DA:130,9
DA:131,9
DA:132,82
DA:133,82
DA:134,82
DA:135,82
DA:136,82
DA:137,1
DA:138,1
DA:139,82
DA:140,82
DA:141,82
DA:142,82
DA:143,82
DA:144,9
DA:145,9
DA:146,82
DA:147,82
DA:148,82
DA:149,82
DA:150,82
DA:151,1
DA:152,1
DA:153,82
DA:154,82
DA:155,82
DA:156,82
DA:157,82
DA:158,9
DA:159,9
DA:160,82
DA:161,82
DA:162,82
DA:163,82
DA:164,82
DA:165,1
DA:166,1
DA:167,82
DA:168,82
DA:169,82
DA:170,82
DA:171,82
DA:172,9
DA:173,9
DA:174,82
DA:175,82
DA:176,82
DA:177,82
DA:178,82
DA:179,1
DA:180,1
DA:181,82
DA:182,82
DA:183,82
DA:184,82
DA:185,82
DA:186,9
DA:187,9
DA:188,82
DA:189,82
DA:190,82
DA:191,82
DA:192,82
DA:193,1
DA:194,1
DA:195,82
LF:195
LH:195
BRDA:8,0,0,82
BRDA:33,1,0,82
BRDA:59,2,0,41
BRDA:66,3,0,1
BRDA:73,4,0,9
BRDA:80,5,0,1
BRDA:87,6,0,9
BRDA:94,7,0,1
BRDA:101,8,0,9
BRDA:108,9,0,1
BRDA:115,10,0,9
BRDA:122,11,0,1
BRDA:129,12,0,9
BRDA:136,13,0,1
BRDA:143,14,0,9
BRDA:150,15,0,1
BRDA:157,16,0,9
BRDA:164,17,0,1
BRDA:171,18,0,9
BRDA:178,19,0,1
BRDA:185,20,0,9
BRDA:192,21,0,1
BRF:22
BRH:22
end_of_record
TN:
SF:src/FunkoPopApp/funkoPopGenre.ts
FNF:0
FNH:0
DA:1,1
DA:2,1
DA:3,1
DA:4,1
DA:5,1
DA:6,1
DA:7,1
DA:8,1
DA:9,1
DA:10,1
DA:11,1
DA:12,1
LF:12
LH:12
BRDA:4,0,0,1
BRF:1
BRH:1
end_of_record
TN:
SF:src/FunkoPopApp/funkoPopType.ts
FNF:0
FNH:0
DA:1,1
DA:2,1
DA:3,1
DA:4,1
DA:5,1
DA:6,1
DA:7,1
DA:8,1
DA:9,1
DA:10,1
LF:10
LH:10
BRDA:4,0,0,1
BRF:1
BRH:1
end_of_record
TN:
SF:src/FunkoPopApp/user.ts
FN:9,<instance_members_initializer>
FN:18,User
FN:52,addFunko
FN:75,removeFunko
FN:93,updateFunko
FN:117,getMarketValueColor
FN:149,showFunkos
FN:181,showFunko
FNF:8
FNH:8
FNDA:13,<instance_members_initializer>
FNDA:13,User
FNDA:4,addFunko
FNDA:2,removeFunko
FNDA:2,updateFunko
FNDA:7,getMarketValueColor
FNDA:2,showFunkos
FNDA:3,showFunko
DA:1,1
DA:2,1
DA:3,1
DA:4,1
DA:5,1
DA:6,1
DA:7,1
DA:8,1
DA:9,1
DA:10,13
DA:11,13
DA:12,13
DA:13,13
DA:14,13
DA:15,13
DA:16,13
DA:17,13
DA:18,13
DA:19,13
DA:20,13
DA:21,13
DA:22,55
DA:23,55
DA:24,55
DA:25,55
DA:26,55
DA:27,55
DA:28,55
DA:29,55
DA:30,55
DA:31,55
DA:32,55
DA:33,55
DA:34,55
DA:35,55
DA:36,55
DA:37,55
DA:38,55
DA:39,55
DA:40,13
DA:41,13
DA:42,0
DA:43,0
DA:44,13
DA:45,13
DA:46,13
DA:47,13
DA:48,13
DA:49,13
DA:50,13
DA:51,13
DA:52,13
DA:53,4
DA:54,4
DA:55,4
DA:56,2
DA:57,2
DA:58,2
DA:59,2
DA:60,2
DA:61,2
DA:62,2
DA:63,2
DA:64,2
DA:65,2
DA:66,2
DA:67,4
DA:68,13
DA:69,13
DA:70,13
DA:71,13
DA:72,13
DA:73,13
DA:74,13
DA:75,13
DA:76,2
DA:77,1
DA:78,1
DA:79,1
DA:80,1
DA:81,1
DA:82,1
DA:83,1
DA:84,1
DA:85,2
DA:86,13
DA:87,13
DA:88,13
DA:89,13
DA:90,13
DA:91,13
DA:92,13
DA:93,13
DA:94,2
DA:95,2
DA:96,2
DA:97,1
DA:98,1
DA:99,1
DA:100,1
DA:101,1
DA:102,1
DA:103,1
DA:104,1
DA:105,1
DA:106,1
DA:107,1
DA:108,1
DA:109,1
DA:110,2
DA:111,13
DA:112,13
DA:113,13
DA:114,13
DA:115,13
DA:116,13
DA:117,13
DA:118,7
DA:119,7
DA:120,7
DA:121,7
DA:122,7
DA:123,7
DA:124,7
DA:125,7
DA:126,7
DA:127,7
DA:128,7
DA:129,7
DA:130,7
DA:131,7
DA:132,7
DA:133,17
DA:134,17
DA:135,17
DA:136,17
DA:137,5
DA:138,5
DA:139,17
DA:140,2
DA:141,2
DA:142,2
DA:143,13
DA:144,13
DA:145,13
DA:146,13
DA:147,13
DA:148,13
DA:149,13
DA:150,2
DA:151,1
DA:152,1
DA:153,1
DA:154,1
DA:155,5
DA:156,5
DA:157,5
DA:158,5
DA:159,5
DA:160,5
DA:161,5
DA:162,5
DA:163,5
DA:164,5
DA:165,5
DA:166,5
DA:167,5
DA:168,5
DA:169,5
DA:170,1
DA:171,1
DA:172,1
DA:173,2
DA:174,13
DA:175,13
DA:176,13
DA:177,13
DA:178,13
DA:179,13
DA:180,13
DA:181,13
DA:182,3
DA:183,3
DA:184,2
DA:185,2
DA:186,2
DA:187,2
DA:188,2
DA:189,2
DA:190,2
DA:191,2
DA:192,2
DA:193,2
DA:194,2
DA:195,2
DA:196,2
DA:197,2
DA:198,2
DA:199,3
DA:200,1
DA:201,1
DA:202,1
DA:203,3
DA:204,13
LF:204
LH:202
BRDA:9,0,0,13
BRDA:18,1,0,13
BRDA:41,2,0,0
BRDA:21,3,0,55
BRDA:52,4,0,4
BRDA:55,5,0,2
BRDA:75,6,0,2
BRDA:76,7,0,1
BRDA:78,8,0,5
BRDA:93,9,0,2
BRDA:96,10,0,1
BRDA:102,11,0,5
BRDA:117,12,0,7
BRDA:132,13,0,17
BRDA:136,14,0,5
BRDA:140,15,0,2
BRDA:149,16,0,2
BRDA:150,17,0,1
BRDA:154,18,0,5
BRDA:181,19,0,3
BRDA:183,20,0,2
BRDA:199,21,0,1
BRDA:182,22,0,8
BRF:23
BRH:22
end_of_record
TN:
SF:src/mod/add.ts
FN:6,FilterMapAddReduce
FN:10,reduce
FNF:2
FNH:2
FNDA:1,FilterMapAddReduce
FNDA:1,reduce
DA:1,1
DA:2,1
DA:3,1
DA:4,1
DA:5,1
DA:6,1
DA:7,1
DA:8,1
DA:9,1
DA:10,1
DA:11,1
DA:12,1
DA:13,5
DA:14,5
DA:15,1
DA:16,1
DA:17,1
LF:17
LH:17
BRDA:6,0,0,1
BRDA:10,1,0,1
BRDA:12,2,0,5
BRF:3
BRH:3
end_of_record
TN:
SF:src/mod/div.ts
FN:7,FilterMapDivReduce
FN:11,reduce
FNF:2
FNH:2
FNDA:1,FilterMapDivReduce
FNDA:1,reduce
DA:1,1
DA:2,1
DA:3,1
DA:4,1
DA:5,1
DA:6,1
DA:7,1
DA:8,1
DA:9,1
DA:10,1
DA:11,1
DA:12,1
DA:13,1
DA:14,1
DA:15,1
DA:16,1
DA:17,1
DA:18,1
LF:18
LH:18
BRDA:7,0,0,1
BRDA:11,1,0,1
BRF:2
BRH:2
end_of_record
TN:
SF:src/mod/operations.ts
FN:2,<instance_members_initializer>
FN:9,FilterMapReduce
FN:19,run
FN:31,filter
FN:46,map
FNF:5
FNH:5
FNDA:4,<instance_members_initializer>
FNDA:4,FilterMapReduce
FNDA:4,run
FNDA:4,filter
FNDA:4,map
DA:1,1
DA:2,1
DA:3,4
DA:4,4
DA:5,4
DA:6,4
DA:7,4
DA:8,4
DA:9,4
DA:10,4
DA:11,4
DA:12,4
DA:13,4
DA:14,4
DA:15,4
DA:16,4
DA:17,4
DA:18,4
DA:19,4
DA:20,4
DA:21,4
DA:22,4
DA:23,4
DA:24,4
DA:25,4
DA:26,4
DA:27,4
DA:28,4
DA:29,4
DA:30,4
DA:31,4
DA:32,4
DA:33,4
DA:34,40
DA:35,13
DA:36,13
DA:37,40
DA:38,4
DA:39,4
DA:40,4
DA:41,4
DA:42,4
DA:43,4
DA:44,4
DA:45,4
DA:46,4
DA:47,4
DA:48,4
DA:49,13
DA:50,13
DA:51,4
DA:52,4
DA:53,4
DA:54,4
DA:55,4
DA:56,4
DA:57,4
DA:58,4
LF:58
LH:58
BRDA:2,0,0,4
BRDA:9,1,0,4
BRDA:19,2,0,4
BRDA:31,3,0,4
BRDA:33,4,0,40
BRDA:34,5,0,13
BRDA:46,6,0,4
BRDA:48,7,0,13
BRF:8
BRH:8
end_of_record
TN:
SF:src/mod/prod.ts
FN:7,FilterMapProdReduce
FN:11,reduce
FNF:2
FNH:2
FNDA:1,FilterMapProdReduce
FNDA:1,reduce
DA:1,1
DA:2,1
DA:3,1
DA:4,1
DA:5,1
DA:6,1
DA:7,1
DA:8,1
DA:9,1
DA:10,1
DA:11,1
DA:12,1
DA:13,1
DA:14,2
DA:15,2
DA:16,1
DA:17,1
DA:18,1
LF:18
LH:18
BRDA:7,0,0,1
BRDA:11,1,0,1
BRDA:13,2,0,2
BRF:3
BRH:3
end_of_record
TN:
SF:src/mod/sub.ts
FN:7,FilterMapSubReduce
FN:11,reduce
FNF:2
FNH:2
FNDA:1,FilterMapSubReduce
FNDA:1,reduce
DA:1,1
DA:2,1
DA:3,1
DA:4,1
DA:5,1
DA:6,1
DA:7,1
DA:8,1
DA:9,1
DA:10,1
DA:11,1
DA:12,1
DA:13,1
DA:14,5
DA:15,5
DA:16,1
DA:17,1
DA:18,1
DA:19,1
LF:19
LH:19
BRDA:7,0,0,1
BRDA:11,1,0,1
BRDA:13,2,0,5
BRF:3
BRH:3
end_of_record
